<?xml version="1.0" encoding="UTF-8"?>
<!-- Generated by org.testng.reporters.JUnitXMLReporter -->
<testsuite ignored="2" hostname="TYSS-Channaveerayya" failures="0" tests="3" name="Test" time="61.61" errors="0" timestamp="2024-07-04T11:11:58 IST">
  <testcase classname="org.tyss.knolskape.testcases.UI_UX_Test" name="ui_ux_Test" time="9.835"/>
  <testcase classname="org.tyss.knolskape.testcases.CheckWhetherLinksAreBrokenTest" name="checkWhetherLinksAreBrokenTest" time="10.422"/>
  <testcase classname="org.tyss.knolskape.testcases.CheckTheExpectedElementsArePresentInGuiTest" name="checkTheExpectedElementsArePresentInGuiTest" time="20.393"/>
  <testcase classname="org.tyss.knolskape.genericutility.BaseClass" name="@BeforeSuite configBS" time="0.0">
    <ignored/>
  </testcase> <!-- @BeforeSuite configBS -->
  <testcase classname="org.tyss.knolskape.genericutility.BaseClass" name="@BeforeSuite configBS" time="0.0">
    <ignored/>
  </testcase> <!-- @BeforeSuite configBS -->
</testsuite> <!-- Test -->
