<?xml version="1.0" encoding="UTF-8"?>
<!-- Generated by org.testng.reporters.JUnitXMLReporter -->
<testsuite ignored="2" hostname="TYSS-Channaveerayya" failures="0" tests="3" name="Test" time="48.812" errors="0" timestamp="2024-07-04T00:25:16 IST">
  <testcase classname="org.tyss.knolskape.testcases.UI_UX_Test" name="ui_ux_Test" time="8.485"/>
  <testcase classname="org.tyss.knolskape.testcases.CheckWhetherLinksAreBrokenTest" name="checkWhetherLinksAreBroken" time="10.33"/>
  <testcase classname="org.tyss.knolskape.testcases.CheckTheExpectedElementsArePresentInGuiTest" name="checkTheExpectedElementsArePresentInGui" time="18.82"/>
  <testcase classname="org.tyss.knolskape.genericutility.BaseClass" name="@BeforeSuite configBS" time="0.0">
    <ignored/>
  </testcase> <!-- @BeforeSuite configBS -->
  <testcase classname="org.tyss.knolskape.genericutility.BaseClass" name="@BeforeSuite configBS" time="0.0">
    <ignored/>
  </testcase> <!-- @BeforeSuite configBS -->
</testsuite> <!-- Test -->
