<?xml version="1.0" encoding="UTF-8"?>
<!-- Generated by org.testng.reporters.JUnitXMLReporter -->
<testsuite ignored="2" hostname="TYSS-Channaveerayya" failures="1" tests="3" name="Test2" time="43.465" errors="0" timestamp="2024-07-01T17:34:07 IST">
  <testcase classname="org.tyss.knolskape.testcases.UI_UX_Test" name="ui_ux_Test" time="9.57">
    <failure type="javax.imageio.IIOException" message="Caught exception during read: ">
      <![CDATA[javax.imageio.IIOException: Caught exception during read: 
at java.desktop/com.sun.imageio.plugins.png.PNGImageReader.read(PNGImageReader.java:1854)
at java.desktop/javax.imageio.ImageIO.read(ImageIO.java:1470)
at java.desktop/javax.imageio.ImageIO.read(ImageIO.java:1317)
at org.tyss.knolskape.genericutility.JavaUtility.resizeImage(JavaUtility.java:126)
at org.tyss.knolskape.genericutility.JavaUtility.compareTwoImages(JavaUtility.java:50)
at org.tyss.knolskape.workflowutility.CommonWorkflowsUtility.getScreenshotOfCurrentPageAndCompareWithGoldenImage(CommonWorkflowsUtility.java:35)
at org.tyss.knolskape.testcases.UI_UX_Test.ui_ux_Test(UI_UX_Test.java:27)
at java.base/java.util.ArrayList.forEach(ArrayList.java:1511)
at java.base/java.util.concurrent.FutureTask.run(FutureTask.java:264)
at java.base/java.util.concurrent.ThreadPoolExecutor.runWorker(ThreadPoolExecutor.java:1136)
at java.base/java.util.concurrent.ThreadPoolExecutor$Worker.run(ThreadPoolExecutor.java:635)
at java.base/java.lang.Thread.run(Thread.java:833)
Caused by: java.lang.IndexOutOfBoundsException
at java.base/java.io.RandomAccessFile.readBytes(Native Method)
at java.base/java.io.RandomAccessFile.read(RandomAccessFile.java:405)
at java.desktop/javax.imageio.stream.FileImageInputStream.read(FileImageInputStream.java:117)
at java.desktop/com.sun.imageio.plugins.common.SubImageInputStream.read(SubImageInputStream.java:61)
at java.desktop/com.sun.imageio.plugins.common.InputStreamAdapter.read(InputStreamAdapter.java:47)
at java.base/java.io.SequenceInputStream.read(SequenceInputStream.java:198)
at java.base/java.util.zip.InflaterInputStream.fill(InflaterInputStream.java:242)
at java.base/java.util.zip.InflaterInputStream.read(InflaterInputStream.java:158)
at java.base/java.io.BufferedInputStream.fill(BufferedInputStream.java:244)
at java.base/java.io.BufferedInputStream.read1(BufferedInputStream.java:284)
at java.base/java.io.BufferedInputStream.read(BufferedInputStream.java:343)
at java.base/java.io.DataInputStream.readFully(DataInputStream.java:201)
at java.desktop/com.sun.imageio.plugins.png.PNGImageReader.decodePass(PNGImageReader.java:1245)
at java.desktop/com.sun.imageio.plugins.png.PNGImageReader.decodeImage(PNGImageReader.java:1381)
at java.desktop/com.sun.imageio.plugins.png.PNGImageReader.readImage(PNGImageReader.java:1521)
at java.desktop/com.sun.imageio.plugins.png.PNGImageReader.read(PNGImageReader.java:1847)
... 28 more
... Removed 17 stack frames]]>
    </failure>
  </testcase> <!-- ui_ux_Test -->
  <testcase classname="org.tyss.knolskape.testcases.CheckWhetherLinksAreBroken" name="checkWhetherLinksAreBroken" time="10.709"/>
  <testcase classname="org.tyss.knolskape.testcases.CheckTheExpectedElementsArePresentInUI" name="checkWhetherLinksAreBroken" time="9.442"/>
  <testcase classname="org.tyss.knolskape.genericutility.BaseClass" name="@BeforeSuite configBS" time="0.0">
    <ignored/>
  </testcase> <!-- @BeforeSuite configBS -->
  <testcase classname="org.tyss.knolskape.genericutility.BaseClass" name="@BeforeSuite configBS" time="0.0">
    <ignored/>
  </testcase> <!-- @BeforeSuite configBS -->
</testsuite> <!-- Test2 -->
